0 info it worked if it ends with ok
1 verbose cli [ '/usr/local/bin/node', '/usr/local/bin/npm', 'publish' ]
2 info using npm@2.14.7
3 info using node@v4.2.3
4 verbose publish [ '.' ]
5 silly cache add args [ '.', null ]
6 verbose cache add spec .
7 silly cache add parsed spec Result {
7 silly cache add   raw: '.',
7 silly cache add   scope: null,
7 silly cache add   name: null,
7 silly cache add   rawSpec: '.',
7 silly cache add   spec: '/Users/prasenjit/Documents/personal/projects/voidcanvas',
7 silly cache add   type: 'directory' }
8 verbose addLocalDirectory /Users/prasenjit/.npm/voidcanvas/0.0.5/package.tgz not in flight; packing
9 verbose tar pack [ '/Users/prasenjit/.npm/voidcanvas/0.0.5/package.tgz',
9 verbose tar pack   '/Users/prasenjit/Documents/personal/projects/voidcanvas' ]
10 verbose tarball /Users/prasenjit/.npm/voidcanvas/0.0.5/package.tgz
11 verbose folder /Users/prasenjit/Documents/personal/projects/voidcanvas
12 info prepublish voidcanvas@0.0.5
13 verbose addLocalTarball adding from inside cache /Users/prasenjit/.npm/voidcanvas/0.0.5/package.tgz
14 silly cache afterAdd voidcanvas@0.0.5
15 verbose afterAdd /Users/prasenjit/.npm/voidcanvas/0.0.5/package/package.json not in flight; writing
16 verbose afterAdd /Users/prasenjit/.npm/voidcanvas/0.0.5/package/package.json written
17 silly publish { name: 'voidcanvas',
17 silly publish   version: '0.0.5',
17 silly publish   description: 'An npm command line to scaffold and develop your node application and to do many other awesome things',
17 silly publish   main: 'bin/index.js',
17 silly publish   scripts: { test: 'echo "Error: no test specified" && exit 1' },
17 silly publish   repository:
17 silly publish    { type: 'git',
17 silly publish      url: 'git+https://github.com/VoidCanvas/voidcanvas.git' },
17 silly publish   keywords: [ 'voidcanvas', 'node-foundation' ],
17 silly publish   author:
17 silly publish    { name: 'Paul Shan',
17 silly publish      email: 'paul@voidcanvas.com',
17 silly publish      url: 'http://voidcanvas.com' },
17 silly publish   license: 'MIT',
17 silly publish   bugs: { url: 'https://github.com/VoidCanvas/voidcanvas/issues' },
17 silly publish   homepage: 'https://github.com/VoidCanvas/voidcanvas#readme',
17 silly publish   bin: { vc: 'bin/index.js' },
17 silly publish   dependencies:
17 silly publish    { chalk: '^1.1.1',
17 silly publish      'compare-versions': '^2.0.1',
17 silly publish      download: '^4.4.3',
17 silly publish      fs: '0.0.2',
17 silly publish      ini: '^1.3.4',
17 silly publish      'node-inspector': '^0.12.8',
17 silly publish      nodemon: '^1.9.1',
17 silly publish      'readline-sync': '^1.4.1',
17 silly publish      shelljs: '^0.6.0',
17 silly publish      yargs: '^4.6.0' },
17 silly publish   readme: '\n> Use latest node v4.1.2 or greater!\n\n> Void Canvas cli is still in experiment phrase. We will not recommend you to use it for your production apps till the time it doesn\'t hit version 1.0.0\n\n\n## What is Void Canvas cli\nThis is a npm package with which you can scaffold a node application easily. This will give you a predefined architecture to create rest apis very easily. You can also add your client side application there in the project.\n\n* This is not a framework like sails, loopback etc; rather it provides you a readymade node-express app where creating routes, controllers, models are very easy.\n* No need to write translators for 3 layer (ui contract, application, database) models. Translators are inbuilt and generic for all models.\n* Easy validation setup for models\n* Controllers and linked to routes and models are linked to controllers.\n* `localrequire()` is a function very similar to require, but do not require a relative path.\n\n## Tutorial\n### Install\n\t$ npm install -g voidcanvas\n\n### Scaffold an app\n\t$ mkdir myApp\n\t$ cd myApp\n\t$ vc found node\n\t//answer the questions \n\t\n\n### Run the app\n\t$ vc run //this will run the project (dev config)\n\t$ vc run --live //run the project and auto restart if any modification done\n\t$ vc run --qa //with qa config\n\t$ vc run --prod --live //run live with prod config\n\n\n### configurations\nIn the folder `configs`, you will find another directory `server`, where there are configuration for three different environments. In `configs` folder there\'s another file `localrequire-custom-paths` where you can set any shortcut path for any frequently used module of yours.\n\n### Try some api\nA basic example of router, controller and model is given there. You can check the folder `backend` folder and to see it working, run the app and check route `/api/employee`\n\n### Creating new route\n\t$ vc create route\n\t//answer the questions\n\n### Creating new controller\n\t$ vc create controller\n\t//answer the questions\n\n### Creating new model\n\t$ vc create model\n\t//answer the questions\nAfter running this, you need to set and map the model properties manually. See the employee model.\n\n> May be the documentation is not covering or making everything clear as active development is going on now. You can raise a issue in github if you have any confusion. \n',
17 silly publish   readmeFilename: 'README.md',
17 silly publish   gitHead: '77a28ec706b1684a9ab3161fe1eb3edc0ed8269f',
17 silly publish   _id: 'voidcanvas@0.0.5',
17 silly publish   _shasum: '7a848805294b2874d12d32c534139ded0cde58e3',
17 silly publish   _from: '.' }
18 verbose getPublishConfig undefined
19 silly mapToRegistry name voidcanvas
20 silly mapToRegistry using default registry
21 silly mapToRegistry registry https://registry.npmjs.org/
22 silly mapToRegistry uri https://registry.npmjs.org/voidcanvas
23 verbose publish registryBase https://registry.npmjs.org/
24 silly publish uploading /Users/prasenjit/.npm/voidcanvas/0.0.5/package.tgz
25 verbose request uri https://registry.npmjs.org/voidcanvas
26 verbose request sending authorization for write operation
27 info attempt registry request try #1 at 7:32:56 PM
28 verbose request using bearer token for auth
29 verbose request id f6e731448a3896e4
30 http request PUT https://registry.npmjs.org/voidcanvas
31 http 403 https://registry.npmjs.org/voidcanvas
32 verbose headers { 'content-type': 'application/json',
32 verbose headers   'cache-control': 'max-age=300',
32 verbose headers   'content-length': '95',
32 verbose headers   'accept-ranges': 'bytes',
32 verbose headers   date: 'Fri, 29 Apr 2016 14:02:58 GMT',
32 verbose headers   via: '1.1 varnish',
32 verbose headers   connection: 'keep-alive',
32 verbose headers   'x-served-by': 'cache-sin6923-SIN',
32 verbose headers   'x-cache': 'MISS',
32 verbose headers   'x-cache-hits': '0',
32 verbose headers   'x-timer': 'S1461938576.934922,VS0,VE1074',
32 verbose headers   vary: 'Accept-Encoding' }
33 verbose request invalidating /Users/prasenjit/.npm/registry.npmjs.org/voidcanvas on PUT
34 error publish Failed PUT 403
35 verbose stack Error: "You cannot publish over the previously published version 0.0.5." : voidcanvas
35 verbose stack     at makeError (/usr/local/lib/node_modules/npm/node_modules/npm-registry-client/lib/request.js:264:12)
35 verbose stack     at CachingRegistryClient.<anonymous> (/usr/local/lib/node_modules/npm/node_modules/npm-registry-client/lib/request.js:252:14)
35 verbose stack     at Request._callback (/usr/local/lib/node_modules/npm/node_modules/npm-registry-client/lib/request.js:172:14)
35 verbose stack     at Request.self.callback (/usr/local/lib/node_modules/npm/node_modules/request/request.js:198:22)
35 verbose stack     at emitTwo (events.js:87:13)
35 verbose stack     at Request.emit (events.js:172:7)
35 verbose stack     at Request.<anonymous> (/usr/local/lib/node_modules/npm/node_modules/request/request.js:1063:14)
35 verbose stack     at emitOne (events.js:82:20)
35 verbose stack     at Request.emit (events.js:169:7)
35 verbose stack     at IncomingMessage.<anonymous> (/usr/local/lib/node_modules/npm/node_modules/request/request.js:1009:12)
36 verbose statusCode 403
37 verbose pkgid voidcanvas
38 verbose cwd /Users/prasenjit/Documents/personal/projects/voidcanvas
39 error Darwin 15.0.0
40 error argv "/usr/local/bin/node" "/usr/local/bin/npm" "publish"
41 error node v4.2.3
42 error npm  v2.14.7
43 error code E403
44 error "You cannot publish over the previously published version 0.0.5." : voidcanvas
45 error If you need help, you may report this error at:
45 error     <https://github.com/npm/npm/issues>
46 verbose exit [ 1, true ]
